running egg_info
creating build/practica0/practica0.egg-info
writing build/practica0/practica0.egg-info/PKG-INFO
writing dependency_links to build/practica0/practica0.egg-info/dependency_links.txt
writing entry points to build/practica0/practica0.egg-info/entry_points.txt
writing requirements to build/practica0/practica0.egg-info/requires.txt
writing top-level names to build/practica0/practica0.egg-info/top_level.txt
writing manifest file 'build/practica0/practica0.egg-info/SOURCES.txt'
reading manifest file 'build/practica0/practica0.egg-info/SOURCES.txt'
adding license file 'LICENSE'
writing manifest file 'build/practica0/practica0.egg-info/SOURCES.txt'
running build
running build_py
creating /home/arrgusr/ROS2Dev/ws_sem26_2/src/practica0/build/practica0/build
creating /home/arrgusr/ROS2Dev/ws_sem26_2/src/practica0/build/practica0/build/lib
creating /home/arrgusr/ROS2Dev/ws_sem26_2/src/practica0/build/practica0/build/lib/practica0
copying practica0/__init__.py -> /home/arrgusr/ROS2Dev/ws_sem26_2/src/practica0/build/practica0/build/lib/practica0
copying practica0/nodo_suscriptor.py -> /home/arrgusr/ROS2Dev/ws_sem26_2/src/practica0/build/practica0/build/lib/practica0
copying practica0/nodo_publicador.py -> /home/arrgusr/ROS2Dev/ws_sem26_2/src/practica0/build/practica0/build/lib/practica0
running install
running install_lib
creating /home/arrgusr/ROS2Dev/ws_sem26_2/src/practica0/install/practica0/lib/python3.12/site-packages/practica0
copying /home/arrgusr/ROS2Dev/ws_sem26_2/src/practica0/build/practica0/build/lib/practica0/__init__.py -> /home/arrgusr/ROS2Dev/ws_sem26_2/src/practica0/install/practica0/lib/python3.12/site-packages/practica0
copying /home/arrgusr/ROS2Dev/ws_sem26_2/src/practica0/build/practica0/build/lib/practica0/nodo_suscriptor.py -> /home/arrgusr/ROS2Dev/ws_sem26_2/src/practica0/install/practica0/lib/python3.12/site-packages/practica0
copying /home/arrgusr/ROS2Dev/ws_sem26_2/src/practica0/build/practica0/build/lib/practica0/nodo_publicador.py -> /home/arrgusr/ROS2Dev/ws_sem26_2/src/practica0/install/practica0/lib/python3.12/site-packages/practica0
byte-compiling /home/arrgusr/ROS2Dev/ws_sem26_2/src/practica0/install/practica0/lib/python3.12/site-packages/practica0/__init__.py to __init__.cpython-312.pyc
byte-compiling /home/arrgusr/ROS2Dev/ws_sem26_2/src/practica0/install/practica0/lib/python3.12/site-packages/practica0/nodo_suscriptor.py to nodo_suscriptor.cpython-312.pyc
byte-compiling /home/arrgusr/ROS2Dev/ws_sem26_2/src/practica0/install/practica0/lib/python3.12/site-packages/practica0/nodo_publicador.py to nodo_publicador.cpython-312.pyc
running install_data
creating /home/arrgusr/ROS2Dev/ws_sem26_2/src/practica0/install/practica0/share/ament_index
creating /home/arrgusr/ROS2Dev/ws_sem26_2/src/practica0/install/practica0/share/ament_index/resource_index
creating /home/arrgusr/ROS2Dev/ws_sem26_2/src/practica0/install/practica0/share/ament_index/resource_index/packages
copying resource/practica0 -> /home/arrgusr/ROS2Dev/ws_sem26_2/src/practica0/install/practica0/share/ament_index/resource_index/packages
copying package.xml -> /home/arrgusr/ROS2Dev/ws_sem26_2/src/practica0/install/practica0/share/practica0
running install_egg_info
Copying build/practica0/practica0.egg-info to /home/arrgusr/ROS2Dev/ws_sem26_2/src/practica0/install/practica0/lib/python3.12/site-packages/practica0-0.0.0-py3.12.egg-info
running install_scripts
Installing nodo_publicador script to /home/arrgusr/ROS2Dev/ws_sem26_2/src/practica0/install/practica0/lib/practica0
Installing nodo_suscriptor script to /home/arrgusr/ROS2Dev/ws_sem26_2/src/practica0/install/practica0/lib/practica0
writing list of installed files to '/home/arrgusr/ROS2Dev/ws_sem26_2/src/practica0/build/practica0/install.log'
