[0.071s] DEBUG:colcon:Command line arguments: ['/usr/bin/colcon', 'build']
[0.071s] DEBUG:colcon:Parsed command line arguments: Namespace(log_base=None, log_level=None, verb_name='build', build_base='build', install_base='install', merge_install=False, symlink_install=False, test_result_base=None, continue_on_error=False, executor='parallel', parallel_workers=2, event_handlers=None, ignore_user_meta=False, metas=['./colcon.meta'], base_paths=['.'], packages_ignore=None, packages_ignore_regex=None, paths=None, packages_up_to=None, packages_up_to_regex=None, packages_above=None, packages_above_and_dependencies=None, packages_above_depth=None, packages_select_by_dep=None, packages_skip_by_dep=None, packages_skip_up_to=None, packages_select_build_failed=False, packages_skip_build_finished=False, packages_select_test_failures=False, packages_skip_test_passed=False, packages_select=None, packages_skip=None, packages_select_regex=None, packages_skip_regex=None, packages_start=None, packages_end=None, allow_overriding=[], cmake_args=None, cmake_target=None, cmake_target_skip_unavailable=False, cmake_clean_cache=False, cmake_clean_first=False, cmake_force_configure=False, ament_cmake_args=None, catkin_cmake_args=None, catkin_skip_building_tests=False, mixin_files=None, mixin=None, verb_parser=<colcon_mixin.mixin.mixin_argument.MixinArgumentDecorator object at 0x7f6fb3c9c4d0>, verb_extension=<colcon_core.verb.build.BuildVerb object at 0x7f6fb3c7fe60>, main=<bound method BuildVerb.main of <colcon_core.verb.build.BuildVerb object at 0x7f6fb3c7fe60>>, mixin_verb=('build',))
[0.098s] Level 1:colcon.colcon_core.package_discovery:discover_packages(colcon_meta) check parameters
[0.098s] Level 1:colcon.colcon_core.package_discovery:discover_packages(recursive) check parameters
[0.098s] Level 1:colcon.colcon_core.package_discovery:discover_packages(ignore) check parameters
[0.098s] Level 1:colcon.colcon_core.package_discovery:discover_packages(path) check parameters
[0.098s] Level 1:colcon.colcon_core.package_discovery:discover_packages(colcon_meta) discover
[0.098s] Level 1:colcon.colcon_core.package_discovery:discover_packages(recursive) discover
[0.098s] INFO:colcon.colcon_core.package_discovery:Crawling recursively for packages in '/home/arrgusr/ROS2Dev/ws_sem26_2/src/practica0'
[0.098s] Level 1:colcon.colcon_core.package_identification:_identify(.) by extensions ['ignore', 'ignore_ament_install']
[0.098s] Level 1:colcon.colcon_core.package_identification:_identify(.) by extension 'ignore'
[0.098s] Level 1:colcon.colcon_core.package_identification:_identify(.) by extension 'ignore_ament_install'
[0.098s] Level 1:colcon.colcon_core.package_identification:_identify(.) by extensions ['colcon_pkg']
[0.098s] Level 1:colcon.colcon_core.package_identification:_identify(.) by extension 'colcon_pkg'
[0.098s] Level 1:colcon.colcon_core.package_identification:_identify(.) by extensions ['colcon_meta']
[0.098s] Level 1:colcon.colcon_core.package_identification:_identify(.) by extension 'colcon_meta'
[0.098s] Level 1:colcon.colcon_core.package_identification:_identify(.) by extensions ['ros']
[0.098s] Level 1:colcon.colcon_core.package_identification:_identify(.) by extension 'ros'
[0.118s] DEBUG:colcon.colcon_core.package_identification:Package '.' with type 'ros.ament_python' and name 'practica0'
[0.118s] Level 1:colcon.colcon_core.package_discovery:discover_packages(recursive) using defaults
[0.118s] Level 1:colcon.colcon_core.package_discovery:discover_packages(ignore) discover
[0.118s] Level 1:colcon.colcon_core.package_discovery:discover_packages(ignore) using defaults
[0.118s] Level 1:colcon.colcon_core.package_discovery:discover_packages(path) discover
[0.118s] Level 1:colcon.colcon_core.package_discovery:discover_packages(path) using defaults
[0.130s] Level 1:colcon.colcon_core.package_discovery:discover_packages(prefix_path) check parameters
[0.130s] Level 1:colcon.colcon_core.package_discovery:discover_packages(prefix_path) discover
[0.131s] DEBUG:colcon.colcon_installed_package_information.package_discovery:Found 1 installed packages in /home/arrgusr/ROS2Dev/ws_sem26_2/src/practica0/install
[0.132s] DEBUG:colcon.colcon_installed_package_information.package_discovery:Found 286 installed packages in /opt/ros/jazzy
[0.133s] Level 1:colcon.colcon_core.package_discovery:discover_packages(prefix_path) using defaults
[0.156s] Level 5:colcon.colcon_core.verb:set package 'practica0' build argument 'cmake_args' from command line to 'None'
[0.156s] Level 5:colcon.colcon_core.verb:set package 'practica0' build argument 'cmake_target' from command line to 'None'
[0.156s] Level 5:colcon.colcon_core.verb:set package 'practica0' build argument 'cmake_target_skip_unavailable' from command line to 'False'
[0.156s] Level 5:colcon.colcon_core.verb:set package 'practica0' build argument 'cmake_clean_cache' from command line to 'False'
[0.156s] Level 5:colcon.colcon_core.verb:set package 'practica0' build argument 'cmake_clean_first' from command line to 'False'
[0.156s] Level 5:colcon.colcon_core.verb:set package 'practica0' build argument 'cmake_force_configure' from command line to 'False'
[0.156s] Level 5:colcon.colcon_core.verb:set package 'practica0' build argument 'ament_cmake_args' from command line to 'None'
[0.156s] Level 5:colcon.colcon_core.verb:set package 'practica0' build argument 'catkin_cmake_args' from command line to 'None'
[0.156s] Level 5:colcon.colcon_core.verb:set package 'practica0' build argument 'catkin_skip_building_tests' from command line to 'False'
[0.156s] DEBUG:colcon.colcon_core.verb:Building package 'practica0' with the following arguments: {'ament_cmake_args': None, 'build_base': '/home/arrgusr/ROS2Dev/ws_sem26_2/src/practica0/build/practica0', 'catkin_cmake_args': None, 'catkin_skip_building_tests': False, 'cmake_args': None, 'cmake_clean_cache': False, 'cmake_clean_first': False, 'cmake_force_configure': False, 'cmake_target': None, 'cmake_target_skip_unavailable': False, 'install_base': '/home/arrgusr/ROS2Dev/ws_sem26_2/src/practica0/install/practica0', 'merge_install': False, 'path': '/home/arrgusr/ROS2Dev/ws_sem26_2/src/practica0', 'symlink_install': False, 'test_result_base': None}
[0.156s] INFO:colcon.colcon_core.executor:Executing jobs using 'parallel' executor
[0.157s] DEBUG:colcon.colcon_parallel_executor.executor.parallel:run_until_complete
[0.157s] INFO:colcon.colcon_ros.task.ament_python.build:Building ROS package in '/home/arrgusr/ROS2Dev/ws_sem26_2/src/practica0' with build type 'ament_python'
[0.157s] Level 1:colcon.colcon_core.shell:create_environment_hook('practica0', 'ament_prefix_path')
[0.159s] INFO:colcon.colcon_core.plugin_system:Skipping extension 'colcon_core.shell.bat': Not used on non-Windows systems
[0.159s] INFO:colcon.colcon_core.shell:Creating environment hook '/home/arrgusr/ROS2Dev/ws_sem26_2/src/practica0/install/practica0/share/practica0/hook/ament_prefix_path.ps1'
[0.160s] INFO:colcon.colcon_core.shell:Creating environment descriptor '/home/arrgusr/ROS2Dev/ws_sem26_2/src/practica0/install/practica0/share/practica0/hook/ament_prefix_path.dsv'
[0.161s] INFO:colcon.colcon_core.shell:Creating environment hook '/home/arrgusr/ROS2Dev/ws_sem26_2/src/practica0/install/practica0/share/practica0/hook/ament_prefix_path.sh'
[0.161s] INFO:colcon.colcon_core.shell:Skip shell extension 'powershell' for command environment: Not usable outside of PowerShell
[0.161s] DEBUG:colcon.colcon_core.shell:Skip shell extension 'dsv' for command environment
[0.326s] INFO:colcon.colcon_core.task.python.build:Building Python package in '/home/arrgusr/ROS2Dev/ws_sem26_2/src/practica0'
[0.326s] INFO:colcon.colcon_core.shell:Skip shell extension 'powershell' for command environment: Not usable outside of PowerShell
[0.326s] DEBUG:colcon.colcon_core.shell:Skip shell extension 'dsv' for command environment
[0.793s] DEBUG:colcon.colcon_core.event_handler.log_command:Invoking command in '/home/arrgusr/ROS2Dev/ws_sem26_2/src/practica0': DEBUGINFOD_URLS=https://debuginfod.ubuntu.com PYTHONPATH=/home/arrgusr/ROS2Dev/ws_sem26_2/src/practica0/build/practica0/prefix_override:/usr/lib/python3/dist-packages/colcon_core/task/python/colcon_distutils_commands:/home/arrgusr/ROS2Dev/ws_sem26_2/src/practica0/install/practica0/lib/python3.12/site-packages:${PYTHONPATH} /usr/bin/python3 -W ignore:setup.py install is deprecated -W ignore:easy_install command is deprecated setup.py egg_info --egg-base build/practica0 build --build-base /home/arrgusr/ROS2Dev/ws_sem26_2/src/practica0/build/practica0/build install --record /home/arrgusr/ROS2Dev/ws_sem26_2/src/practica0/build/practica0/install.log --single-version-externally-managed install_data
[1.219s] DEBUG:colcon.colcon_core.event_handler.log_command:Invoked command in '/home/arrgusr/ROS2Dev/ws_sem26_2/src/practica0' returned '0': DEBUGINFOD_URLS=https://debuginfod.ubuntu.com PYTHONPATH=/home/arrgusr/ROS2Dev/ws_sem26_2/src/practica0/build/practica0/prefix_override:/usr/lib/python3/dist-packages/colcon_core/task/python/colcon_distutils_commands:/home/arrgusr/ROS2Dev/ws_sem26_2/src/practica0/install/practica0/lib/python3.12/site-packages:${PYTHONPATH} /usr/bin/python3 -W ignore:setup.py install is deprecated -W ignore:easy_install command is deprecated setup.py egg_info --egg-base build/practica0 build --build-base /home/arrgusr/ROS2Dev/ws_sem26_2/src/practica0/build/practica0/build install --record /home/arrgusr/ROS2Dev/ws_sem26_2/src/practica0/build/practica0/install.log --single-version-externally-managed install_data
[1.221s] Level 1:colcon.colcon_core.environment:checking '/home/arrgusr/ROS2Dev/ws_sem26_2/src/practica0/install/practica0' for CMake module files
[1.222s] Level 1:colcon.colcon_core.environment:checking '/home/arrgusr/ROS2Dev/ws_sem26_2/src/practica0/install/practica0' for CMake config files
[1.223s] Level 1:colcon.colcon_core.environment:checking '/home/arrgusr/ROS2Dev/ws_sem26_2/src/practica0/install/practica0/lib'
[1.223s] Level 1:colcon.colcon_core.environment:checking '/home/arrgusr/ROS2Dev/ws_sem26_2/src/practica0/install/practica0/bin'
[1.223s] Level 1:colcon.colcon_core.environment:checking '/home/arrgusr/ROS2Dev/ws_sem26_2/src/practica0/install/practica0/lib/pkgconfig/practica0.pc'
[1.223s] Level 1:colcon.colcon_core.environment:checking '/home/arrgusr/ROS2Dev/ws_sem26_2/src/practica0/install/practica0/lib/python3.12/site-packages'
[1.224s] Level 1:colcon.colcon_core.shell:create_environment_hook('practica0', 'pythonpath')
[1.224s] INFO:colcon.colcon_core.shell:Creating environment hook '/home/arrgusr/ROS2Dev/ws_sem26_2/src/practica0/install/practica0/share/practica0/hook/pythonpath.ps1'
[1.225s] INFO:colcon.colcon_core.shell:Creating environment descriptor '/home/arrgusr/ROS2Dev/ws_sem26_2/src/practica0/install/practica0/share/practica0/hook/pythonpath.dsv'
[1.226s] INFO:colcon.colcon_core.shell:Creating environment hook '/home/arrgusr/ROS2Dev/ws_sem26_2/src/practica0/install/practica0/share/practica0/hook/pythonpath.sh'
[1.228s] Level 1:colcon.colcon_core.environment:checking '/home/arrgusr/ROS2Dev/ws_sem26_2/src/practica0/install/practica0/bin'
[1.228s] Level 1:colcon.colcon_core.environment:create_environment_scripts_only(practica0)
[1.228s] INFO:colcon.colcon_core.shell:Creating package script '/home/arrgusr/ROS2Dev/ws_sem26_2/src/practica0/install/practica0/share/practica0/package.ps1'
[1.230s] INFO:colcon.colcon_core.shell:Creating package descriptor '/home/arrgusr/ROS2Dev/ws_sem26_2/src/practica0/install/practica0/share/practica0/package.dsv'
[1.231s] INFO:colcon.colcon_core.shell:Creating package script '/home/arrgusr/ROS2Dev/ws_sem26_2/src/practica0/install/practica0/share/practica0/package.sh'
[1.232s] INFO:colcon.colcon_core.shell:Creating package script '/home/arrgusr/ROS2Dev/ws_sem26_2/src/practica0/install/practica0/share/practica0/package.bash'
[1.233s] INFO:colcon.colcon_core.shell:Creating package script '/home/arrgusr/ROS2Dev/ws_sem26_2/src/practica0/install/practica0/share/practica0/package.zsh'
[1.233s] Level 1:colcon.colcon_core.environment:create_file_with_runtime_dependencies(/home/arrgusr/ROS2Dev/ws_sem26_2/src/practica0/install/practica0/share/colcon-core/packages/practica0)
[1.234s] DEBUG:colcon.colcon_parallel_executor.executor.parallel:closing loop
[1.234s] DEBUG:colcon.colcon_parallel_executor.executor.parallel:loop closed
[1.234s] DEBUG:colcon.colcon_parallel_executor.executor.parallel:run_until_complete finished with '0'
[1.234s] DEBUG:colcon.colcon_core.event_reactor:joining thread
[1.242s] INFO:colcon.colcon_core.plugin_system:Skipping extension 'colcon_notification.desktop_notification.terminal_notifier': Not used on non-Darwin systems
[1.243s] INFO:colcon.colcon_core.plugin_system:Skipping extension 'colcon_notification.desktop_notification.win32': Not used on non-Windows systems
[1.243s] INFO:colcon.colcon_notification.desktop_notification:Sending desktop notification using 'notify2'
[1.262s] DEBUG:colcon.colcon_core.event_reactor:joined thread
[1.262s] INFO:colcon.colcon_core.shell:Creating prefix script '/home/arrgusr/ROS2Dev/ws_sem26_2/src/practica0/install/local_setup.ps1'
[1.264s] INFO:colcon.colcon_core.shell:Creating prefix util module '/home/arrgusr/ROS2Dev/ws_sem26_2/src/practica0/install/_local_setup_util_ps1.py'
[1.265s] INFO:colcon.colcon_core.shell:Creating prefix chain script '/home/arrgusr/ROS2Dev/ws_sem26_2/src/practica0/install/setup.ps1'
[1.267s] INFO:colcon.colcon_core.shell:Creating prefix script '/home/arrgusr/ROS2Dev/ws_sem26_2/src/practica0/install/local_setup.sh'
[1.268s] INFO:colcon.colcon_core.shell:Creating prefix util module '/home/arrgusr/ROS2Dev/ws_sem26_2/src/practica0/install/_local_setup_util_sh.py'
[1.270s] INFO:colcon.colcon_core.shell:Creating prefix chain script '/home/arrgusr/ROS2Dev/ws_sem26_2/src/practica0/install/setup.sh'
[1.271s] INFO:colcon.colcon_core.shell:Creating prefix script '/home/arrgusr/ROS2Dev/ws_sem26_2/src/practica0/install/local_setup.bash'
[1.272s] INFO:colcon.colcon_core.shell:Creating prefix chain script '/home/arrgusr/ROS2Dev/ws_sem26_2/src/practica0/install/setup.bash'
[1.273s] INFO:colcon.colcon_core.shell:Creating prefix script '/home/arrgusr/ROS2Dev/ws_sem26_2/src/practica0/install/local_setup.zsh'
[1.273s] INFO:colcon.colcon_core.shell:Creating prefix chain script '/home/arrgusr/ROS2Dev/ws_sem26_2/src/practica0/install/setup.zsh'
