running egg_info
writing build/practica0/practica0.egg-info/PKG-INFO
writing dependency_links to build/practica0/practica0.egg-info/dependency_links.txt
writing entry points to build/practica0/practica0.egg-info/entry_points.txt
writing requirements to build/practica0/practica0.egg-info/requires.txt
writing top-level names to build/practica0/practica0.egg-info/top_level.txt
reading manifest file 'build/practica0/practica0.egg-info/SOURCES.txt'
adding license file 'LICENSE'
writing manifest file 'build/practica0/practica0.egg-info/SOURCES.txt'
running build
running build_py
copying practica0/nodo_suscriptor.py -> /home/arrgusr/ROS2Dev/ws_sem26_2/src/practica0/build/practica0/build/lib/practica0
running install
running install_lib
copying /home/arrgusr/ROS2Dev/ws_sem26_2/src/practica0/build/practica0/build/lib/practica0/nodo_suscriptor.py -> /home/arrgusr/ROS2Dev/ws_sem26_2/src/practica0/install/practica0/lib/python3.12/site-packages/practica0
byte-compiling /home/arrgusr/ROS2Dev/ws_sem26_2/src/practica0/install/practica0/lib/python3.12/site-packages/practica0/nodo_suscriptor.py to nodo_suscriptor.cpython-312.pyc
running install_data
running install_egg_info
removing '/home/arrgusr/ROS2Dev/ws_sem26_2/src/practica0/install/practica0/lib/python3.12/site-packages/practica0-0.0.0-py3.12.egg-info' (and everything under it)
Copying build/practica0/practica0.egg-info to /home/arrgusr/ROS2Dev/ws_sem26_2/src/practica0/install/practica0/lib/python3.12/site-packages/practica0-0.0.0-py3.12.egg-info
running install_scripts
Installing nodo_publicador script to /home/arrgusr/ROS2Dev/ws_sem26_2/src/practica0/install/practica0/lib/practica0
Installing nodo_suscriptor script to /home/arrgusr/ROS2Dev/ws_sem26_2/src/practica0/install/practica0/lib/practica0
writing list of installed files to '/home/arrgusr/ROS2Dev/ws_sem26_2/src/practica0/build/practica0/install.log'
